<?xml version="1.0" encoding="UTF-8"?>
<!-- Generated by org.testng.reporters.JUnitReportReporter -->
<testsuite skipped="0" hostname="Haier-PC" name="sqa.sqa.InsertDataTest" tests="1" failures="0" timestamp="30 Dec 2018 14:22:11 GMT" time="5.864" errors="0">
  <testcase name="verifyHomePageTitle" time="5.864" classname="sqa.sqa.InsertDataTest"/>
</testsuite> <!-- sqa.sqa.InsertDataTest -->
