<?xml version="1.0" encoding="UTF-8"?>
<!-- Generated by org.testng.reporters.JUnitReportReporter -->
<testsuite skipped="0" hostname="Haier-PC" name="sqa.sqa.CityNegative" tests="1" failures="0" timestamp="01 Jan 2019 02:29:08 GMT" time="9.212" errors="0">
  <testcase name="InsertDataOnPage" time="9.212" classname="sqa.sqa.CityNegative"/>
</testsuite> <!-- sqa.sqa.CityNegative -->
