<?xml version="1.0" encoding="UTF-8"?>
<!-- Generated by org.testng.reporters.JUnitReportReporter -->
<testsuite skipped="0" hostname="Haier-PC" name="sqa.sqa.InsertDataLabelsTest" tests="1" failures="0" timestamp="31 Dec 2018 00:51:08 GMT" time="5.754" errors="0">
  <testcase name="ButtonLabels" time="5.754" classname="sqa.sqa.InsertDataLabelsTest"/>
</testsuite> <!-- sqa.sqa.InsertDataLabelsTest -->
