<?xml version="1.0" encoding="UTF-8"?>
<!-- Generated by org.testng.reporters.JUnitReportReporter -->
<testsuite skipped="0" hostname="Haier-PC" name="sqa.sqa.MonthlyReport" tests="1" failures="0" timestamp="01 Jan 2019 02:25:16 GMT" time="9.510" errors="0">
  <testcase name="InsertDataOnPage" time="9.510" classname="sqa.sqa.MonthlyReport"/>
</testsuite> <!-- sqa.sqa.MonthlyReport -->
