<?xml version="1.0" encoding="UTF-8"?>
<!-- Generated by org.testng.reporters.JUnitReportReporter -->
<testsuite skipped="0" hostname="Haier-PC" name="sqa.sqa.ReportTest" tests="1" failures="0" timestamp="30 Dec 2018 12:52:38 GMT" time="5.269" errors="0">
  <testcase name="verifyHomePageTitle" time="5.269" classname="sqa.sqa.ReportTest"/>
</testsuite> <!-- sqa.sqa.ReportTest -->
