<?xml version="1.0" encoding="UTF-8"?>
<!-- Generated by org.testng.reporters.JUnitReportReporter -->
<testsuite skipped="0" hostname="Haier-PC" name="sqa.sqa.HomeTitle" tests="1" failures="0" timestamp="30 Dec 2018 12:25:18 GMT" time="6.282" errors="0">
  <testcase name="verifyHomePageTitle" time="6.282" classname="sqa.sqa.HomeTitle"/>
</testsuite> <!-- sqa.sqa.HomeTitle -->
