<?xml version="1.0" encoding="UTF-8"?>
<!-- Generated by org.testng.reporters.JUnitReportReporter -->
<testsuite skipped="0" hostname="Haier-PC" name="sqa.sqa.Login" tests="1" failures="0" timestamp="29 Dec 2018 15:11:59 GMT" time="0.732" errors="0">
  <testcase name="verifyHomePageTitle" time="0.732" classname="sqa.sqa.Login"/>
</testsuite> <!-- sqa.sqa.Login -->
