<?xml version="1.0" encoding="UTF-8"?>
<!-- Generated by org.testng.reporters.JUnitReportReporter -->
<testsuite skipped="0" hostname="Haier-PC" name="sqa.sqa.LoginTest" tests="1" failures="0" timestamp="29 Dec 2018 19:54:10 GMT" time="3.645" errors="0">
  <testcase name="login" time="3.645" classname="sqa.sqa.LoginTest"/>
</testsuite> <!-- sqa.sqa.LoginTest -->
