<?xml version="1.0" encoding="UTF-8"?>
<!-- Generated by org.testng.reporters.JUnitReportReporter -->
<testsuite skipped="0" hostname="Haier-PC" name="sqa.sqa.InsertData" tests="1" failures="0" timestamp="31 Dec 2018 03:25:23 GMT" time="9.831" errors="0">
  <testcase name="InsertDataOnPage" time="9.831" classname="sqa.sqa.InsertData"/>
</testsuite> <!-- sqa.sqa.InsertData -->
