<?xml version="1.0" encoding="UTF-8"?>
<!-- Generated by org.testng.reporters.JUnitReportReporter -->
<testsuite skipped="0" hostname="Haier-PC" name="sqa.sqa.ButtonsTest" tests="3" failures="0" timestamp="30 Dec 2018 12:36:31 GMT" time="22.161" errors="0">
  <testcase name="verifyHomePageTitle" time="6.558" classname="sqa.sqa.ButtonsTest"/>
  <testcase name="verifyHomePageTitle" time="8.152" classname="sqa.sqa.ButtonsTest"/>
  <testcase name="verifyHomePageTitle" time="7.451" classname="sqa.sqa.ButtonsTest"/>
</testsuite> <!-- sqa.sqa.ButtonsTest -->
