<?xml version="1.0" encoding="UTF-8"?>
<!-- Generated by org.testng.reporters.JUnitReportReporter -->
<testsuite skipped="0" hostname="Haier-PC" name="sqa.sqa.TagName" tests="1" failures="0" timestamp="29 Dec 2018 19:00:30 GMT" time="3.433" errors="0">
  <testcase name="mytest1" time="3.433" classname="sqa.sqa.TagName"/>
</testsuite> <!-- sqa.sqa.TagName -->
