<?xml version="1.0" encoding="UTF-8"?>
<!-- Generated by org.testng.reporters.JUnitReportReporter -->
<testsuite skipped="0" hostname="Haier-PC" name="sqa.sqa.ParallelTest" tests="1" failures="0" timestamp="31 Dec 2018 15:00:23 GMT" time="1.860" errors="0">
  <testcase name="mytest1" time="1.860" classname="sqa.sqa.ParallelTest"/>
</testsuite> <!-- sqa.sqa.ParallelTest -->
